WARNING: Your kernel does not support swap limit capabilities or the cgroup is not mounted. Memory limited without swap.
Epoch     1/   50:	average_loss = 0.35846
Epoch     2/   50:	average_loss = 0.33826
Epoch     3/   50:	average_loss = 0.32996
Epoch     4/   50:	average_loss = 0.32251
Epoch     5/   50:	average_loss = 0.31811
Epoch     6/   50:	average_loss = 0.31592
Epoch     7/   50:	average_loss = 0.31419
Epoch     8/   50:	average_loss = 0.31312
Epoch     9/   50:	average_loss = 0.31209
Epoch    10/   50:	average_loss = 0.31190
Epoch    11/   50:	average_loss = 0.31316
Epoch    12/   50:	average_loss = 0.31291
Epoch    13/   50:	average_loss = 0.31076
Epoch    14/   50:	average_loss = 0.31123
Epoch    15/   50:	average_loss = 0.31103
Epoch    16/   50:	average_loss = 0.31196
Epoch    17/   50:	average_loss = 0.31102
Epoch    18/   50:	average_loss = 0.31128
Epoch    19/   50:	average_loss = 0.31020
Epoch    20/   50:	average_loss = 0.31034
Epoch    21/   50:	average_loss = 0.31063
Epoch    22/   50:	average_loss = 0.31062
Epoch    23/   50:	average_loss = 0.31018
Epoch    24/   50:	average_loss = 0.30986
Epoch    25/   50:	average_loss = 0.31036
Epoch    26/   50:	average_loss = 0.31077
Epoch    27/   50:	average_loss = 0.30992
Epoch    28/   50:	average_loss = 0.30960
Epoch    29/   50:	average_loss = 0.31029
Epoch    30/   50:	average_loss = 0.31017
Epoch    31/   50:	average_loss = 0.30985
Epoch    32/   50:	average_loss = 0.30983
Epoch    33/   50:	average_loss = 0.30998
Epoch    34/   50:	average_loss = 0.30990
Epoch    35/   50:	average_loss = 0.31050
Epoch    36/   50:	average_loss = 0.30995
Epoch    37/   50:	average_loss = 0.31138
Epoch    38/   50:	average_loss = 0.30964
Epoch    39/   50:	average_loss = 0.30987
Epoch    40/   50:	average_loss = 0.31021
Epoch    41/   50:	average_loss = 0.31045
Epoch    42/   50:	average_loss = 0.31025
Epoch    43/   50:	average_loss = 0.31026
Epoch    44/   50:	average_loss = 0.30969
Epoch    45/   50:	average_loss = 0.31026
Epoch    46/   50:	average_loss = 0.30982
Epoch    47/   50:	average_loss = 0.31040
Epoch    48/   50:	average_loss = 0.31252
Epoch    49/   50:	average_loss = 0.30962
Epoch    50/   50:	average_loss = 0.31055
Test with 7 qubits and 64 train sets.
Train data:
(array([[1, 1, 0, 0, 0, 1, 0],
       [1, 1, 0, 0, 0, 0, 1],
       [1, 1, 1, 0, 0, 0, 1],
       [0, 1, 1, 0, 1, 0, 1],
       [0, 0, 0, 0, 1, 0, 1],
       [0, 1, 0, 0, 0, 0, 1],
       [1, 0, 0, 0, 0, 0, 1],
       [0, 1, 1, 1, 1, 1, 0],
       [0, 1, 1, 0, 0, 1, 1],
       [1, 1, 1, 0, 1, 0, 1],
       [1, 1, 0, 0, 1, 0, 0],
       [1, 1, 0, 1, 0, 1, 0],
       [0, 1, 0, 0, 1, 1, 0],
       [0, 1, 1, 1, 1, 0, 1],
       [0, 1, 0, 1, 1, 0, 1],
       [1, 0, 0, 1, 0, 1, 0],
       [0, 0, 1, 1, 0, 1, 1],
       [1, 0, 0, 0, 0, 0, 0],
       [0, 0, 1, 0, 0, 0, 1],
       [0, 1, 0, 0, 1, 0, 0],
       [1, 1, 0, 1, 1, 0, 1],
       [1, 1, 0, 0, 0, 0, 0],
       [0, 0, 0, 1, 1, 0, 0],
       [1, 0, 0, 1, 1, 1, 1],
       [1, 1, 0, 0, 1, 1, 0],
       [0, 1, 0, 0, 0, 0, 0],
       [1, 0, 0, 0, 1, 0, 0],
       [1, 0, 1, 1, 0, 1, 0],
       [1, 0, 0, 1, 1, 0, 1],
       [0, 0, 1, 0, 0, 1, 0],
       [0, 1, 0, 0, 1, 1, 1],
       [1, 1, 0, 1, 0, 0, 1],
       [1, 0, 1, 1, 1, 0, 1],
       [0, 0, 0, 1, 0, 0, 1],
       [1, 0, 1, 0, 1, 1, 1],
       [0, 1, 0, 1, 0, 1, 0],
       [0, 1, 1, 1, 1, 0, 0],
       [1, 0, 0, 0, 1, 1, 1],
       [1, 1, 1, 0, 1, 0, 0],
       [1, 1, 1, 1, 1, 0, 1],
       [0, 1, 1, 0, 1, 1, 1],
       [0, 1, 0, 1, 0, 0, 0],
       [1, 0, 0, 1, 1, 1, 0],
       [1, 0, 1, 0, 0, 0, 1],
       [0, 0, 1, 1, 0, 1, 0],
       [1, 0, 0, 0, 1, 1, 0],
       [1, 1, 1, 0, 0, 1, 0],
       [0, 1, 1, 1, 0, 0, 0],
       [1, 0, 0, 0, 0, 1, 0],
       [1, 1, 1, 1, 0, 1, 0],
       [0, 0, 0, 0, 1, 1, 1],
       [1, 0, 1, 0, 0, 1, 0],
       [0, 0, 0, 0, 0, 0, 1],
       [0, 0, 0, 1, 0, 1, 1],
       [1, 1, 1, 0, 1, 1, 1],
       [0, 0, 0, 0, 0, 0, 0],
       [0, 1, 1, 1, 1, 1, 1],
       [1, 0, 1, 1, 1, 0, 0],
       [0, 0, 1, 1, 1, 1, 1],
       [0, 1, 0, 1, 0, 0, 1],
       [0, 0, 0, 1, 0, 0, 0],
       [0, 0, 1, 1, 0, 0, 0],
       [0, 0, 1, 1, 1, 0, 0],
       [0, 0, 1, 1, 1, 1, 0]]), array([0, 0, 1, 1, 0, 0, 0, 1, 1, 1, 0, 1, 0, 1, 1, 0, 1, 0, 0, 0, 1, 0,
       0, 1, 1, 0, 0, 1, 1, 0, 1, 1, 1, 0, 1, 0, 1, 1, 1, 1, 1, 0, 1, 0,
       0, 0, 1, 0, 0, 1, 0, 0, 0, 0, 1, 0, 1, 1, 1, 0, 0, 0, 0, 1]))
Test data:
[[0 0 0 0 0 0 0]
 [0 0 0 0 0 0 1]
 [0 0 0 0 0 1 0]
 [0 0 0 0 0 1 1]
 [0 0 0 0 1 0 0]
 [0 0 0 0 1 0 1]
 [0 0 0 0 1 1 0]
 [0 0 0 0 1 1 1]
 [0 0 0 1 0 0 0]
 [0 0 0 1 0 0 1]
 [0 0 0 1 0 1 0]
 [0 0 0 1 0 1 1]
 [0 0 0 1 1 0 0]
 [0 0 0 1 1 0 1]
 [0 0 0 1 1 1 0]
 [0 0 0 1 1 1 1]
 [0 0 1 0 0 0 0]
 [0 0 1 0 0 0 1]
 [0 0 1 0 0 1 0]
 [0 0 1 0 0 1 1]
 [0 0 1 0 1 0 0]
 [0 0 1 0 1 0 1]
 [0 0 1 0 1 1 0]
 [0 0 1 0 1 1 1]
 [0 0 1 1 0 0 0]
 [0 0 1 1 0 0 1]
 [0 0 1 1 0 1 0]
 [0 0 1 1 0 1 1]
 [0 0 1 1 1 0 0]
 [0 0 1 1 1 0 1]
 [0 0 1 1 1 1 0]
 [0 0 1 1 1 1 1]
 [0 1 0 0 0 0 0]
 [0 1 0 0 0 0 1]
 [0 1 0 0 0 1 0]
 [0 1 0 0 0 1 1]
 [0 1 0 0 1 0 0]
 [0 1 0 0 1 0 1]
 [0 1 0 0 1 1 0]
 [0 1 0 0 1 1 1]
 [0 1 0 1 0 0 0]
 [0 1 0 1 0 0 1]
 [0 1 0 1 0 1 0]
 [0 1 0 1 0 1 1]
 [0 1 0 1 1 0 0]
 [0 1 0 1 1 0 1]
 [0 1 0 1 1 1 0]
 [0 1 0 1 1 1 1]
 [0 1 1 0 0 0 0]
 [0 1 1 0 0 0 1]
 [0 1 1 0 0 1 0]
 [0 1 1 0 0 1 1]
 [0 1 1 0 1 0 0]
 [0 1 1 0 1 0 1]
 [0 1 1 0 1 1 0]
 [0 1 1 0 1 1 1]
 [0 1 1 1 0 0 0]
 [0 1 1 1 0 0 1]
 [0 1 1 1 0 1 0]
 [0 1 1 1 0 1 1]
 [0 1 1 1 1 0 0]
 [0 1 1 1 1 0 1]
 [0 1 1 1 1 1 0]
 [0 1 1 1 1 1 1]
 [1 0 0 0 0 0 0]
 [1 0 0 0 0 0 1]
 [1 0 0 0 0 1 0]
 [1 0 0 0 0 1 1]
 [1 0 0 0 1 0 0]
 [1 0 0 0 1 0 1]
 [1 0 0 0 1 1 0]
 [1 0 0 0 1 1 1]
 [1 0 0 1 0 0 0]
 [1 0 0 1 0 0 1]
 [1 0 0 1 0 1 0]
 [1 0 0 1 0 1 1]
 [1 0 0 1 1 0 0]
 [1 0 0 1 1 0 1]
 [1 0 0 1 1 1 0]
 [1 0 0 1 1 1 1]
 [1 0 1 0 0 0 0]
 [1 0 1 0 0 0 1]
 [1 0 1 0 0 1 0]
 [1 0 1 0 0 1 1]
 [1 0 1 0 1 0 0]
 [1 0 1 0 1 0 1]
 [1 0 1 0 1 1 0]
 [1 0 1 0 1 1 1]
 [1 0 1 1 0 0 0]
 [1 0 1 1 0 0 1]
 [1 0 1 1 0 1 0]
 [1 0 1 1 0 1 1]
 [1 0 1 1 1 0 0]
 [1 0 1 1 1 0 1]
 [1 0 1 1 1 1 0]
 [1 0 1 1 1 1 1]
 [1 1 0 0 0 0 0]
 [1 1 0 0 0 0 1]
 [1 1 0 0 0 1 0]
 [1 1 0 0 0 1 1]
 [1 1 0 0 1 0 0]
 [1 1 0 0 1 0 1]
 [1 1 0 0 1 1 0]
 [1 1 0 0 1 1 1]
 [1 1 0 1 0 0 0]
 [1 1 0 1 0 0 1]
 [1 1 0 1 0 1 0]
 [1 1 0 1 0 1 1]
 [1 1 0 1 1 0 0]
 [1 1 0 1 1 0 1]
 [1 1 0 1 1 1 0]
 [1 1 0 1 1 1 1]
 [1 1 1 0 0 0 0]
 [1 1 1 0 0 0 1]
 [1 1 1 0 0 1 0]
 [1 1 1 0 0 1 1]
 [1 1 1 0 1 0 0]
 [1 1 1 0 1 0 1]
 [1 1 1 0 1 1 0]
 [1 1 1 0 1 1 1]
 [1 1 1 1 0 0 0]
 [1 1 1 1 0 0 1]
 [1 1 1 1 0 1 0]
 [1 1 1 1 0 1 1]
 [1 1 1 1 1 0 0]
 [1 1 1 1 1 0 1]
 [1 1 1 1 1 1 0]
 [1 1 1 1 1 1 1]]
predict [1.         0.81688173 0.77299151 0.68561094 0.77299229 0.67717996
 0.64445737 0.60285444 0.79841179 0.74577708 0.68384503 0.68580003
 0.7354977  0.71591341 0.67064086 0.68207717 0.81487765 0.70471615
 0.67727229 0.62942348 0.67189922 0.62059283 0.59398937 0.57813575
 0.63202353 0.61508187 0.58901132 0.59930487 0.6275985  0.62337109
 0.60325437 0.61449115 0.79724241 0.68018764 0.6410814  0.58974581
 0.64096001 0.58393315 0.55253641 0.53284662 0.65883367 0.6530428
 0.60653376 0.62584478 0.65799774 0.65784614 0.62845016 0.64244618
 0.80475306 0.69663095 0.68386005 0.63159859 0.68264759 0.62586831
 0.61420397 0.58903379 0.68567802 0.65418902 0.64438577 0.63871652
 0.68322377 0.66265778 0.65988702 0.65371311 0.77176984 0.66301468
 0.62064152 0.5747364  0.62051169 0.56914755 0.53493666 0.51932419
 0.6635218  0.65515002 0.61035947 0.62644955 0.65613805 0.65520773
 0.62604802 0.63896869 0.66919771 0.60643243 0.58304725 0.55961446
 0.58137265 0.55498392 0.53259935 0.52865393 0.57096828 0.57416998
 0.56013948 0.5741259  0.59399421 0.59644748 0.58787136 0.59637727
 0.65005099 0.58095488 0.54262575 0.51808568 0.54242049 0.51410049
 0.48158881 0.47872985 0.58111761 0.60031878 0.56571887 0.5915978
 0.61078217 0.62109239 0.60210212 0.6160874  0.68475481 0.61605368
 0.60509604 0.57389165 0.60622449 0.57115141 0.56112789 0.54729718
 0.62757657 0.61426432 0.61268978 0.61199451 0.64641652 0.63383191
 0.63801262 0.63232563]
ref [0 0 0 0 0 0 0 0 0 0 0 0 0 0 0 1 0 0 0 0 0 0 0 1 0 0 0 1 0 1 1 1 0 0 0 0 0
 0 0 1 0 0 0 1 0 1 1 1 0 0 0 1 0 1 1 1 0 1 1 1 1 1 1 1 0 0 0 0 0 0 0 1 0 0
 0 1 0 1 1 1 0 0 0 1 0 1 1 1 0 1 1 1 1 1 1 1 0 0 0 1 0 1 1 1 0 1 1 1 1 1 1
 1 0 1 1 1 1 1 1 1 1 1 1 1 1 1 1 1]
Score: -0.2109516016976576
