Epoch     1/   50:	average_loss = 0.30020
Epoch     2/   50:	average_loss = 0.29270
Epoch     3/   50:	average_loss = 0.28988
Epoch     4/   50:	average_loss = 0.28619
Epoch     5/   50:	average_loss = 0.28173
Epoch     6/   50:	average_loss = 0.27881
Epoch     7/   50:	average_loss = 0.27614
Epoch     8/   50:	average_loss = 0.27506
Epoch     9/   50:	average_loss = 0.27295
Epoch    10/   50:	average_loss = 0.27243
Epoch    11/   50:	average_loss = 0.27005
Epoch    12/   50:	average_loss = 0.26848
Epoch    13/   50:	average_loss = 0.26419
Epoch    14/   50:	average_loss = 0.26010
Epoch    15/   50:	average_loss = 0.25789
Epoch    16/   50:	average_loss = 0.25446
Epoch    17/   50:	average_loss = 0.25412
Epoch    18/   50:	average_loss = 0.25539
Epoch    19/   50:	average_loss = 0.25197
Epoch    20/   50:	average_loss = 0.25198
Epoch    21/   50:	average_loss = 0.25167
Epoch    22/   50:	average_loss = 0.25158
Epoch    23/   50:	average_loss = 0.25060
Epoch    24/   50:	average_loss = 0.25117
Epoch    25/   50:	average_loss = 0.25160
Epoch    26/   50:	average_loss = 0.25101
Epoch    27/   50:	average_loss = 0.25141
Epoch    28/   50:	average_loss = 0.25134
Epoch    29/   50:	average_loss = 0.25077
Epoch    30/   50:	average_loss = 0.25133
Epoch    31/   50:	average_loss = 0.25258
Epoch    32/   50:	average_loss = 0.25159
Epoch    33/   50:	average_loss = 0.25083
Epoch    34/   50:	average_loss = 0.25180
Epoch    35/   50:	average_loss = 0.25203
Epoch    36/   50:	average_loss = 0.25114
Epoch    37/   50:	average_loss = 0.25219
Epoch    38/   50:	average_loss = 0.25119
Epoch    39/   50:	average_loss = 0.25113
Epoch    40/   50:	average_loss = 0.25080
Epoch    41/   50:	average_loss = 0.25051
Epoch    42/   50:	average_loss = 0.25217
Epoch    43/   50:	average_loss = 0.25092
Epoch    44/   50:	average_loss = 0.25221
Epoch    45/   50:	average_loss = 0.25293
Epoch    46/   50:	average_loss = 0.25071
Epoch    47/   50:	average_loss = 0.25281
Epoch    48/   50:	average_loss = 0.25082
Epoch    49/   50:	average_loss = 0.25247
Epoch    50/   50:	average_loss = 0.25393
Test with 6 qubits and 64 train sets.
Train data:
(array([[1, 1, 0, 0, 0, 1],
       [1, 1, 0, 0, 0, 0],
       [1, 1, 1, 0, 0, 0],
       [0, 1, 1, 0, 1, 0],
       [0, 0, 0, 0, 1, 0],
       [0, 1, 0, 0, 0, 0],
       [1, 0, 0, 0, 0, 0],
       [0, 1, 1, 1, 1, 1],
       [0, 1, 1, 0, 0, 1],
       [1, 1, 0, 0, 1, 0],
       [1, 1, 0, 1, 0, 1],
       [0, 1, 0, 0, 1, 1],
       [0, 1, 1, 1, 1, 0],
       [0, 1, 0, 1, 1, 0],
       [1, 0, 0, 1, 0, 1],
       [0, 0, 1, 1, 0, 1],
       [1, 1, 1, 0, 0, 1],
       [0, 0, 1, 0, 0, 0],
       [0, 1, 0, 0, 1, 0],
       [1, 0, 1, 1, 1, 0],
       [0, 0, 0, 1, 1, 0],
       [1, 0, 0, 1, 1, 1],
       [1, 1, 1, 0, 1, 0],
       [1, 0, 0, 0, 1, 0],
       [1, 0, 0, 1, 1, 0],
       [0, 0, 1, 0, 0, 1],
       [1, 1, 0, 1, 0, 0],
       [1, 0, 1, 0, 1, 1],
       [0, 0, 0, 1, 0, 0],
       [0, 1, 0, 1, 0, 1],
       [1, 1, 0, 0, 1, 1],
       [1, 0, 0, 1, 0, 0],
       [1, 1, 0, 1, 1, 0],
       [1, 1, 1, 1, 1, 0],
       [0, 0, 1, 0, 1, 0],
       [1, 1, 1, 1, 1, 1],
       [0, 1, 0, 1, 0, 0],
       [1, 0, 1, 1, 1, 1],
       [0, 1, 0, 0, 0, 1],
       [0, 0, 1, 1, 1, 1],
       [0, 0, 1, 1, 1, 0],
       [1, 0, 1, 0, 0, 1],
       [1, 0, 1, 1, 0, 0],
       [0, 0, 0, 0, 0, 1],
       [1, 1, 0, 1, 1, 1],
       [0, 0, 0, 0, 0, 0],
       [1, 1, 1, 0, 1, 1],
       [0, 0, 1, 1, 0, 0],
       [1, 0, 1, 1, 0, 1],
       [1, 0, 1, 0, 1, 0],
       [0, 0, 0, 1, 1, 1],
       [0, 0, 0, 1, 0, 1],
       [0, 0, 0, 0, 1, 1],
       [1, 1, 1, 1, 0, 1],
       [0, 1, 1, 0, 1, 1],
       [0, 0, 1, 0, 1, 1],
       [1, 0, 1, 0, 0, 0],
       [0, 1, 0, 1, 1, 1],
       [1, 1, 1, 1, 0, 0],
       [1, 0, 0, 0, 1, 1],
       [1, 0, 0, 0, 0, 1],
       [0, 1, 1, 0, 0, 0],
       [0, 1, 1, 1, 0, 0],
       [0, 1, 1, 1, 0, 1]]), array([1, 0, 1, 1, 0, 0, 0, 1, 1, 1, 1, 1, 1, 1, 1, 1, 1, 0, 0, 1, 0, 1,
       1, 0, 1, 0, 1, 1, 0, 1, 1, 0, 1, 1, 0, 1, 0, 1, 0, 1, 1, 1, 1, 0,
       1, 0, 1, 0, 1, 1, 1, 0, 0, 1, 1, 1, 0, 1, 1, 1, 0, 0, 1, 1]))
Test data:
[[0 0 0 0 0 0]
 [0 0 0 0 0 1]
 [0 0 0 0 1 0]
 [0 0 0 0 1 1]
 [0 0 0 1 0 0]
 [0 0 0 1 0 1]
 [0 0 0 1 1 0]
 [0 0 0 1 1 1]
 [0 0 1 0 0 0]
 [0 0 1 0 0 1]
 [0 0 1 0 1 0]
 [0 0 1 0 1 1]
 [0 0 1 1 0 0]
 [0 0 1 1 0 1]
 [0 0 1 1 1 0]
 [0 0 1 1 1 1]
 [0 1 0 0 0 0]
 [0 1 0 0 0 1]
 [0 1 0 0 1 0]
 [0 1 0 0 1 1]
 [0 1 0 1 0 0]
 [0 1 0 1 0 1]
 [0 1 0 1 1 0]
 [0 1 0 1 1 1]
 [0 1 1 0 0 0]
 [0 1 1 0 0 1]
 [0 1 1 0 1 0]
 [0 1 1 0 1 1]
 [0 1 1 1 0 0]
 [0 1 1 1 0 1]
 [0 1 1 1 1 0]
 [0 1 1 1 1 1]
 [1 0 0 0 0 0]
 [1 0 0 0 0 1]
 [1 0 0 0 1 0]
 [1 0 0 0 1 1]
 [1 0 0 1 0 0]
 [1 0 0 1 0 1]
 [1 0 0 1 1 0]
 [1 0 0 1 1 1]
 [1 0 1 0 0 0]
 [1 0 1 0 0 1]
 [1 0 1 0 1 0]
 [1 0 1 0 1 1]
 [1 0 1 1 0 0]
 [1 0 1 1 0 1]
 [1 0 1 1 1 0]
 [1 0 1 1 1 1]
 [1 1 0 0 0 0]
 [1 1 0 0 0 1]
 [1 1 0 0 1 0]
 [1 1 0 0 1 1]
 [1 1 0 1 0 0]
 [1 1 0 1 0 1]
 [1 1 0 1 1 0]
 [1 1 0 1 1 1]
 [1 1 1 0 0 0]
 [1 1 1 0 0 1]
 [1 1 1 0 1 0]
 [1 1 1 0 1 1]
 [1 1 1 1 0 0]
 [1 1 1 1 0 1]
 [1 1 1 1 1 0]
 [1 1 1 1 1 1]]
predict [1.         0.8008017  0.81630414 0.7464548  0.83254523 0.89412015
 0.80260302 0.87986729 0.82270378 0.76478865 0.71198533 0.73203231
 0.73564801 0.872362   0.73954011 0.86946046 0.83759829 0.77527567
 0.72932691 0.7432433  0.78188987 0.88982187 0.76668307 0.88189018
 0.75639436 0.76743331 0.67648185 0.74379099 0.73669168 0.88422361
 0.73480743 0.88087761 0.8289954  0.77191923 0.72509291 0.74117941
 0.7769979  0.88784926 0.76396401 0.88061373 0.72699027 0.75670717
 0.66184976 0.73743518 0.72072859 0.87811101 0.72577695 0.87701588
 0.75069737 0.75996373 0.68274024 0.73985844 0.7519038  0.88575898
 0.74612265 0.88160453 0.68812567 0.75773304 0.63978844 0.74343235
 0.71671591 0.88336953 0.72024253 0.88247832]
ref [0 0 0 0 0 0 0 1 0 0 0 1 0 1 1 1 0 0 0 1 0 1 1 1 0 1 1 1 1 1 1 1 0 0 0 1 0
 1 1 1 0 1 1 1 1 1 1 1 0 1 1 1 1 1 1 1 1 1 1 1 1 1 1 1]
Score: -0.11177610956322748
