WARNING: Your kernel does not support swap limit capabilities or the cgroup is not mounted. Memory limited without swap.
Epoch     1/   50:	average_loss = 0.24196
Epoch     2/   50:	average_loss = 0.22292
Epoch     3/   50:	average_loss = 0.20884
Epoch     4/   50:	average_loss = 0.19400
Epoch     5/   50:	average_loss = 0.18010
Epoch     6/   50:	average_loss = 0.16707
Epoch     7/   50:	average_loss = 0.16868
Epoch     8/   50:	average_loss = 0.16934
Epoch     9/   50:	average_loss = 0.15862
Epoch    10/   50:	average_loss = 0.16182
Epoch    11/   50:	average_loss = 0.16633
Epoch    12/   50:	average_loss = 0.15979
Epoch    13/   50:	average_loss = 0.15705
Epoch    14/   50:	average_loss = 0.15814
Epoch    15/   50:	average_loss = 0.15761
Epoch    16/   50:	average_loss = 0.16212
Epoch    17/   50:	average_loss = 0.16314
Epoch    18/   50:	average_loss = 0.15593
Epoch    19/   50:	average_loss = 0.15819
Epoch    20/   50:	average_loss = 0.16319
Epoch    21/   50:	average_loss = 0.15792
Epoch    22/   50:	average_loss = 0.15639
Epoch    23/   50:	average_loss = 0.15573
Epoch    24/   50:	average_loss = 0.15358
Epoch    25/   50:	average_loss = 0.15269
Epoch    26/   50:	average_loss = 0.16067
Epoch    27/   50:	average_loss = 0.16271
Epoch    28/   50:	average_loss = 0.15441
Epoch    29/   50:	average_loss = 0.15630
Epoch    30/   50:	average_loss = 0.15381
Epoch    31/   50:	average_loss = 0.15176
Epoch    32/   50:	average_loss = 0.16303
Epoch    33/   50:	average_loss = 0.15996
Epoch    34/   50:	average_loss = 0.15313
Epoch    35/   50:	average_loss = 0.15242
Epoch    36/   50:	average_loss = 0.15244
Epoch    37/   50:	average_loss = 0.15420
Epoch    38/   50:	average_loss = 0.15643
Epoch    39/   50:	average_loss = 0.16074
Epoch    40/   50:	average_loss = 0.15672
Epoch    41/   50:	average_loss = 0.15573
Epoch    42/   50:	average_loss = 0.15404
Epoch    43/   50:	average_loss = 0.15335
Epoch    44/   50:	average_loss = 0.15924
Epoch    45/   50:	average_loss = 0.15517
Epoch    46/   50:	average_loss = 0.15700
Epoch    47/   50:	average_loss = 0.15547
Epoch    48/   50:	average_loss = 0.15243
Epoch    49/   50:	average_loss = 0.15270
Epoch    50/   50:	average_loss = 0.15490
Test with 7 qubits and 64 train sets.
Train data:
(array([[1, 1, 0, 0, 0, 1, 0],
       [1, 1, 0, 0, 0, 0, 1],
       [1, 1, 1, 0, 0, 0, 1],
       [0, 1, 1, 0, 1, 0, 1],
       [0, 0, 0, 0, 1, 0, 1],
       [0, 1, 0, 0, 0, 0, 1],
       [1, 0, 0, 0, 0, 0, 1],
       [0, 1, 1, 1, 1, 1, 0],
       [0, 1, 1, 0, 0, 1, 1],
       [1, 1, 1, 0, 1, 0, 1],
       [1, 1, 0, 0, 1, 0, 0],
       [1, 1, 0, 1, 0, 1, 0],
       [0, 1, 0, 0, 1, 1, 0],
       [0, 1, 1, 1, 1, 0, 1],
       [0, 1, 0, 1, 1, 0, 1],
       [1, 0, 0, 1, 0, 1, 0],
       [0, 0, 1, 1, 0, 1, 1],
       [1, 0, 0, 0, 0, 0, 0],
       [0, 0, 1, 0, 0, 0, 1],
       [0, 1, 0, 0, 1, 0, 0],
       [1, 1, 0, 1, 1, 0, 1],
       [1, 1, 0, 0, 0, 0, 0],
       [0, 0, 0, 1, 1, 0, 0],
       [1, 0, 0, 1, 1, 1, 1],
       [1, 1, 0, 0, 1, 1, 0],
       [0, 1, 0, 0, 0, 0, 0],
       [1, 0, 0, 0, 1, 0, 0],
       [1, 0, 1, 1, 0, 1, 0],
       [1, 0, 0, 1, 1, 0, 1],
       [0, 0, 1, 0, 0, 1, 0],
       [0, 1, 0, 0, 1, 1, 1],
       [1, 1, 0, 1, 0, 0, 1],
       [1, 0, 1, 1, 1, 0, 1],
       [0, 0, 0, 1, 0, 0, 1],
       [1, 0, 1, 0, 1, 1, 1],
       [0, 1, 0, 1, 0, 1, 0],
       [0, 1, 1, 1, 1, 0, 0],
       [1, 0, 0, 0, 1, 1, 1],
       [1, 1, 1, 0, 1, 0, 0],
       [1, 1, 1, 1, 1, 0, 1],
       [0, 1, 1, 0, 1, 1, 1],
       [0, 1, 0, 1, 0, 0, 0],
       [1, 0, 0, 1, 1, 1, 0],
       [1, 0, 1, 0, 0, 0, 1],
       [0, 0, 1, 1, 0, 1, 0],
       [1, 0, 0, 0, 1, 1, 0],
       [1, 1, 1, 0, 0, 1, 0],
       [0, 1, 1, 1, 0, 0, 0],
       [1, 0, 0, 0, 0, 1, 0],
       [1, 1, 1, 1, 0, 1, 0],
       [0, 0, 0, 0, 1, 1, 1],
       [1, 0, 1, 0, 0, 1, 0],
       [0, 0, 0, 0, 0, 0, 1],
       [0, 0, 0, 1, 0, 1, 1],
       [1, 1, 1, 0, 1, 1, 1],
       [0, 0, 0, 0, 0, 0, 0],
       [0, 1, 1, 1, 1, 1, 1],
       [1, 0, 1, 1, 1, 0, 0],
       [0, 0, 1, 1, 1, 1, 1],
       [0, 1, 0, 1, 0, 0, 1],
       [0, 0, 0, 1, 0, 0, 0],
       [0, 0, 1, 1, 0, 0, 0],
       [0, 0, 1, 1, 1, 0, 0],
       [0, 0, 1, 1, 1, 1, 0]]), array([0, 0, 1, 1, 0, 0, 0, 1, 1, 1, 0, 1, 0, 1, 1, 0, 1, 0, 0, 0, 1, 0,
       0, 1, 1, 0, 0, 1, 1, 0, 1, 1, 1, 0, 1, 0, 1, 1, 1, 1, 1, 0, 1, 0,
       0, 0, 1, 0, 0, 1, 0, 0, 0, 0, 1, 0, 1, 1, 1, 0, 0, 0, 0, 1]))
Test data:
[[0 0 0 0 0 0 0]
 [0 0 0 0 0 0 1]
 [0 0 0 0 0 1 0]
 [0 0 0 0 0 1 1]
 [0 0 0 0 1 0 0]
 [0 0 0 0 1 0 1]
 [0 0 0 0 1 1 0]
 [0 0 0 0 1 1 1]
 [0 0 0 1 0 0 0]
 [0 0 0 1 0 0 1]
 [0 0 0 1 0 1 0]
 [0 0 0 1 0 1 1]
 [0 0 0 1 1 0 0]
 [0 0 0 1 1 0 1]
 [0 0 0 1 1 1 0]
 [0 0 0 1 1 1 1]
 [0 0 1 0 0 0 0]
 [0 0 1 0 0 0 1]
 [0 0 1 0 0 1 0]
 [0 0 1 0 0 1 1]
 [0 0 1 0 1 0 0]
 [0 0 1 0 1 0 1]
 [0 0 1 0 1 1 0]
 [0 0 1 0 1 1 1]
 [0 0 1 1 0 0 0]
 [0 0 1 1 0 0 1]
 [0 0 1 1 0 1 0]
 [0 0 1 1 0 1 1]
 [0 0 1 1 1 0 0]
 [0 0 1 1 1 0 1]
 [0 0 1 1 1 1 0]
 [0 0 1 1 1 1 1]
 [0 1 0 0 0 0 0]
 [0 1 0 0 0 0 1]
 [0 1 0 0 0 1 0]
 [0 1 0 0 0 1 1]
 [0 1 0 0 1 0 0]
 [0 1 0 0 1 0 1]
 [0 1 0 0 1 1 0]
 [0 1 0 0 1 1 1]
 [0 1 0 1 0 0 0]
 [0 1 0 1 0 0 1]
 [0 1 0 1 0 1 0]
 [0 1 0 1 0 1 1]
 [0 1 0 1 1 0 0]
 [0 1 0 1 1 0 1]
 [0 1 0 1 1 1 0]
 [0 1 0 1 1 1 1]
 [0 1 1 0 0 0 0]
 [0 1 1 0 0 0 1]
 [0 1 1 0 0 1 0]
 [0 1 1 0 0 1 1]
 [0 1 1 0 1 0 0]
 [0 1 1 0 1 0 1]
 [0 1 1 0 1 1 0]
 [0 1 1 0 1 1 1]
 [0 1 1 1 0 0 0]
 [0 1 1 1 0 0 1]
 [0 1 1 1 0 1 0]
 [0 1 1 1 0 1 1]
 [0 1 1 1 1 0 0]
 [0 1 1 1 1 0 1]
 [0 1 1 1 1 1 0]
 [0 1 1 1 1 1 1]
 [1 0 0 0 0 0 0]
 [1 0 0 0 0 0 1]
 [1 0 0 0 0 1 0]
 [1 0 0 0 0 1 1]
 [1 0 0 0 1 0 0]
 [1 0 0 0 1 0 1]
 [1 0 0 0 1 1 0]
 [1 0 0 0 1 1 1]
 [1 0 0 1 0 0 0]
 [1 0 0 1 0 0 1]
 [1 0 0 1 0 1 0]
 [1 0 0 1 0 1 1]
 [1 0 0 1 1 0 0]
 [1 0 0 1 1 0 1]
 [1 0 0 1 1 1 0]
 [1 0 0 1 1 1 1]
 [1 0 1 0 0 0 0]
 [1 0 1 0 0 0 1]
 [1 0 1 0 0 1 0]
 [1 0 1 0 0 1 1]
 [1 0 1 0 1 0 0]
 [1 0 1 0 1 0 1]
 [1 0 1 0 1 1 0]
 [1 0 1 0 1 1 1]
 [1 0 1 1 0 0 0]
 [1 0 1 1 0 0 1]
 [1 0 1 1 0 1 0]
 [1 0 1 1 0 1 1]
 [1 0 1 1 1 0 0]
 [1 0 1 1 1 0 1]
 [1 0 1 1 1 1 0]
 [1 0 1 1 1 1 1]
 [1 1 0 0 0 0 0]
 [1 1 0 0 0 0 1]
 [1 1 0 0 0 1 0]
 [1 1 0 0 0 1 1]
 [1 1 0 0 1 0 0]
 [1 1 0 0 1 0 1]
 [1 1 0 0 1 1 0]
 [1 1 0 0 1 1 1]
 [1 1 0 1 0 0 0]
 [1 1 0 1 0 0 1]
 [1 1 0 1 0 1 0]
 [1 1 0 1 0 1 1]
 [1 1 0 1 1 0 0]
 [1 1 0 1 1 0 1]
 [1 1 0 1 1 1 0]
 [1 1 0 1 1 1 1]
 [1 1 1 0 0 0 0]
 [1 1 1 0 0 0 1]
 [1 1 1 0 0 1 0]
 [1 1 1 0 0 1 1]
 [1 1 1 0 1 0 0]
 [1 1 1 0 1 0 1]
 [1 1 1 0 1 1 0]
 [1 1 1 0 1 1 1]
 [1 1 1 1 0 0 0]
 [1 1 1 1 0 0 1]
 [1 1 1 1 0 1 0]
 [1 1 1 1 0 1 1]
 [1 1 1 1 1 0 0]
 [1 1 1 1 1 0 1]
 [1 1 1 1 1 1 0]
 [1 1 1 1 1 1 1]]
predict [0.14317313 0.12508785 0.3092231  0.31989639 0.33356601 0.33547252
 0.39978524 0.42771325 0.28531308 0.26615057 0.3988883  0.40849953
 0.487376   0.49008731 0.52442519 0.55265187 0.34488586 0.32526152
 0.44178804 0.45094699 0.55257855 0.55562152 0.58003802 0.60843823
 0.38569455 0.36576107 0.46752858 0.47638239 0.5967371  0.60001122
 0.61582073 0.64430643 0.16475106 0.14648615 0.33121513 0.34171569
 0.35807735 0.36009719 0.42402311 0.4520723  0.32544833 0.30595167
 0.43979375 0.44908365 0.53296825 0.53589039 0.56950852 0.59796062
 0.41020871 0.39004058 0.50836266 0.5169986  0.62678283 0.63016899
 0.65341229 0.68217932 0.45634473 0.43582301 0.53953424 0.54782248
 0.67699342 0.68063866 0.69518087 0.72406345 0.15481731 0.13663509
 0.32109037 0.33167041 0.34679346 0.34876115 0.41286465 0.44085805
 0.30697164 0.28762882 0.42096182 0.43039963 0.5119795  0.51480461
 0.54875334 0.57710166 0.38013641 0.36021861 0.47771392 0.48659061
 0.59262215 0.59585033 0.61963346 0.64823162 0.4238202  0.40356932
 0.50638465 0.51493318 0.64004672 0.64352116 0.65864565 0.68734545
 0.19272155 0.17422379 0.35972149 0.36999807 0.389851   0.39201781
 0.45544117 0.48364743 0.37747438 0.3575446  0.49281655 0.50168987
 0.59206831 0.59526382 0.62794718 0.65669145 0.49488407 0.47401102
 0.59466024 0.60261815 0.72297156 0.72680264 0.7485245  0.77776703
 0.54792636 0.52664221 0.63287042 0.64042536 0.78102747 0.78515391
 0.79805061 0.8274475 ]
ref [0 0 0 0 0 0 0 0 0 0 0 0 0 0 0 1 0 0 0 0 0 0 0 1 0 0 0 1 0 1 1 1 0 0 0 0 0
 0 0 1 0 0 0 1 0 1 1 1 0 0 0 1 0 1 1 1 0 1 1 1 1 1 1 1 0 0 0 0 0 0 0 1 0 0
 0 1 0 1 1 1 0 0 0 1 0 1 1 1 0 1 1 1 1 1 1 1 0 0 0 1 0 1 1 1 0 1 1 1 1 1 1
 1 0 1 1 1 1 1 1 1 1 1 1 1 1 1 1 1]
Score: 0.3179388537468334
